<?xml version="1.0" encoding="UTF-8"?>
<testsuite name="com.example.demo.ControllerTest" tests="1" skipped="0" failures="1" errors="0" timestamp="2024-07-28T19:49:33" hostname="IRGENDWER" time="2.039">
  <properties/>
  <testcase name="testLoadAllStats()" classname="com.example.demo.ControllerTest" time="2.039">
    <failure message="java.lang.AssertionError: Status expected:&lt;200&gt; but was:&lt;404&gt;" type="java.lang.AssertionError">java.lang.AssertionError: Status expected:&lt;200&gt; but was:&lt;404&gt;
	at org.springframework.test.util.AssertionErrors.fail(AssertionErrors.java:59)
	at org.springframework.test.util.AssertionErrors.assertEquals(AssertionErrors.java:122)
	at org.springframework.test.web.servlet.result.StatusResultMatchers.lambda$matcher$9(StatusResultMatchers.java:637)
	at org.springframework.test.web.servlet.MockMvc$1.andExpect(MockMvc.java:214)
	at com.example.demo.ControllerTest.testLoadAllStats(ControllerTest.java:49)
	at java.base/java.lang.reflect.Method.invoke(Method.java:580)
	at java.base/java.util.ArrayList.forEach(ArrayList.java:1596)
	at java.base/java.util.ArrayList.forEach(ArrayList.java:1596)
</failure>
  </testcase>
  <system-out><![CDATA[21:49:35.251 [Test worker] INFO org.springframework.mock.web.MockServletContext -- Initializing Spring TestDispatcherServlet ''
21:49:35.253 [Test worker] INFO org.springframework.test.web.servlet.TestDispatcherServlet -- Initializing Servlet ''
21:49:35.260 [Test worker] INFO org.springframework.test.web.servlet.TestDispatcherServlet -- Completed initialization in 4 ms
21:49:35.363 [Test worker] WARN org.springframework.web.servlet.PageNotFound -- No mapping for GET /loadAllStats
21:49:35.369 [Test worker] WARN org.springframework.web.servlet.PageNotFound -- No endpoint GET /loadAllStats.
]]></system-out>
  <system-err><![CDATA[WARNING: A Java agent has been loaded dynamically (C:\Users\tillj\.gradle\caches\modules-2\files-2.1\net.bytebuddy\byte-buddy-agent\1.14.16\4a451ee6484abac3a498df0f3b33ed00a6fced4d\byte-buddy-agent-1.14.16.jar)
WARNING: If a serviceability tool is in use, please run with -XX:+EnableDynamicAgentLoading to hide this warning
WARNING: If a serviceability tool is not in use, please run with -Djdk.instrument.traceUsage for more information
WARNING: Dynamic loading of agents will be disallowed by default in a future release
]]></system-err>
</testsuite>
